[18:44:38] [main/INFO]: Using mbed TLS based native cipher.
[18:44:38] [main/INFO]: Using zlib based native compressor.
[18:44:38] [main/INFO]: Enabled Waterfall version git:Waterfall-Bootstrap:1.20-R0.2-SNAPSHOT:a5bbdbe:543
[18:44:38] [main/INFO]: Not on Windows, attempting to use enhanced EpollEventLoop
[18:44:38] [main/INFO]: Epoll is working, utilising it!
[18:44:39] [main/INFO]: Discovered module: ModuleSpec(name=cmd_alert, file=modules/cmd_alert.jar, provider=JenkinsModuleSource())
[18:44:39] [main/INFO]: Discovered module: ModuleSpec(name=cmd_find, file=modules/cmd_find.jar, provider=JenkinsModuleSource())
[18:44:39] [main/INFO]: Discovered module: ModuleSpec(name=cmd_list, file=modules/cmd_list.jar, provider=JenkinsModuleSource())
[18:44:39] [main/INFO]: Discovered module: ModuleSpec(name=cmd_send, file=modules/cmd_send.jar, provider=JenkinsModuleSource())
[18:44:39] [main/INFO]: Discovered module: ModuleSpec(name=cmd_server, file=modules/cmd_server.jar, provider=JenkinsModuleSource())
[18:44:39] [main/INFO]: Discovered module: ModuleSpec(name=reconnect_yaml, file=modules/reconnect_yaml.jar, provider=JenkinsModuleSource())
[18:44:39] [main/INFO]: Loaded plugin reconnect_yaml version git:reconnect_yaml:1.20-R0.2-SNAPSHOT:a5bbdbe:543 by WaterfallMC
[18:44:39] [main/INFO]: Loaded plugin cmd_find version git:cmd_find:1.20-R0.2-SNAPSHOT:a5bbdbe:543 by WaterfallMC
[18:44:39] [main/INFO]: Loaded plugin cmd_server version git:cmd_server:1.20-R0.2-SNAPSHOT:a5bbdbe:543 by WaterfallMC
[18:44:39] [main/INFO]: Loaded plugin cmd_alert version git:cmd_alert:1.20-R0.2-SNAPSHOT:a5bbdbe:543 by WaterfallMC
[18:44:39] [main/INFO]: Loaded plugin cmd_send version git:cmd_send:1.20-R0.2-SNAPSHOT:a5bbdbe:543 by WaterfallMC
[18:44:39] [main/INFO]: Loaded plugin cmd_list version git:cmd_list:1.20-R0.2-SNAPSHOT:a5bbdbe:543 by WaterfallMC
[18:44:39] [main/WARN]: :>:>:>:>:>:>:>:>:>:>:>:>:>:>:>:>:>:>:>:>:>:>:>
[18:44:39] [main/WARN]: :>  
[18:44:39] [main/WARN]: :>      EAGLERCRAFTXBUNGEE WARNING:
[18:44:39] [main/WARN]: :>  
[18:44:39] [main/WARN]: :>  This plugin wasn't tested to be 'working'
[18:44:39] [main/WARN]: :>  with ANY version of BungeeCord (and forks)
[18:44:39] [main/WARN]: :>  apart from the versions listed below:
[18:44:39] [main/WARN]: :>  
[18:44:39] [main/WARN]: :>  - BungeeCord: 1.20-R0.3-SNAPSHOT:52ab21b:1844
[18:44:39] [main/WARN]: :>  - Waterfall: 1.20-R0.3-SNAPSHOT:a65bb68:578
[18:44:39] [main/WARN]: :>  
[18:44:39] [main/WARN]: :>  This is not a Bukkit/Spigot plugin!
[18:44:39] [main/WARN]: :>  
[18:44:39] [main/WARN]: :>  Use "-Deaglerxbungee.stfu=true" to hide
[18:44:39] [main/WARN]: :>  
[18:44:39] [main/WARN]: :>:>:>:>:>:>:>:>:>:>:>:>:>:>:>:>:>:>:>:>:>:>:>
[18:44:39] [main/INFO] [EaglercraftXBungee]: Loading vanilla profile: lax1dude
[18:44:40] [Skin Download Thread #1/INFO] [EaglercraftXBungee]: Loaded vanilla profile: lax1dude
[18:44:40] [main/INFO]: Loaded plugin EaglercraftXBungee version 1.2.3 by lax1dude
[18:44:40] [main/WARN]: Could not load server icon
java.lang.IllegalArgumentException: Server icon must be exactly 64x64 pixels
	at net.md_5.bungee.api.Favicon.create(Favicon.java:80) ~[bungee.jar:git:Waterfall-Bootstrap:1.20-R0.2-SNAPSHOT:a5bbdbe:543]
	at net.md_5.bungee.conf.Configuration.load(Configuration.java:89) ~[bungee.jar:git:Waterfall-Bootstrap:1.20-R0.2-SNAPSHOT:a5bbdbe:543]
	at io.github.waterfallmc.waterfall.conf.WaterfallConfiguration.load(WaterfallConfiguration.java:67) ~[bungee.jar:git:Waterfall-Bootstrap:1.20-R0.2-SNAPSHOT:a5bbdbe:543]
	at net.md_5.bungee.BungeeCord.start(BungeeCord.java:288) ~[bungee.jar:git:Waterfall-Bootstrap:1.20-R0.2-SNAPSHOT:a5bbdbe:543]
	at net.md_5.bungee.BungeeCordLauncher.main(BungeeCordLauncher.java:67) ~[bungee.jar:git:Waterfall-Bootstrap:1.20-R0.2-SNAPSHOT:a5bbdbe:543]
	at net.md_5.bungee.Bootstrap.main(Bootstrap.java:15) ~[bungee.jar:git:Waterfall-Bootstrap:1.20-R0.2-SNAPSHOT:a5bbdbe:543]
[18:44:40] [main/INFO]: Enabled plugin reconnect_yaml version git:reconnect_yaml:1.20-R0.2-SNAPSHOT:a5bbdbe:543 by WaterfallMC
[18:44:40] [main/INFO]: Enabled plugin cmd_find version git:cmd_find:1.20-R0.2-SNAPSHOT:a5bbdbe:543 by WaterfallMC
[18:44:40] [main/INFO]: Enabled plugin cmd_server version git:cmd_server:1.20-R0.2-SNAPSHOT:a5bbdbe:543 by WaterfallMC
[18:44:40] [main/INFO]: Enabled plugin cmd_alert version git:cmd_alert:1.20-R0.2-SNAPSHOT:a5bbdbe:543 by WaterfallMC
[18:44:40] [main/INFO]: Enabled plugin cmd_send version git:cmd_send:1.20-R0.2-SNAPSHOT:a5bbdbe:543 by WaterfallMC
[18:44:40] [main/INFO]: Enabled plugin cmd_list version git:cmd_list:1.20-R0.2-SNAPSHOT:a5bbdbe:543 by WaterfallMC
[18:44:40] [main/ERROR] [EaglercraftXBungee]: Online mode is set to false! Authentication system has been disabled
[18:44:40] [Netty Boss IO Thread #0/INFO] [EaglercraftXBungee]: Eaglercraft is listening on: /0.0.0.0:8081
[18:44:40] [main/INFO] [EaglercraftXBungee]: Connected to database: jdbc:sqlite:eaglercraft_skins_cache.db
[18:44:40] [main/INFO] [EaglercraftXBungee]: Voice chat disabled, add "allow_voice: true" to your listeners to enable
[18:44:40] [main/INFO]: Enabled plugin EaglercraftXBungee version 1.2.3 by lax1dude
[18:44:40] [Netty Boss IO Thread #1/INFO]: Listening on /127.0.0.1:25577
[18:44:40] [EaglerXBungee: Network Tick Tasks/INFO] [EaglercraftXBungee]: Loaded certificate: /home/runner/Bendies-Survival-Server/Bungee/plugins/EaglercraftXBungee/eagcert/$dl.5b2a44263e75935c207f92555fb26054d13253b8.cert
